2025-05-12 20:00:47,492 | INFO | Initiating Bat Backup v1.0.0.
2025-05-12 20:00:47,493 | INFO | Retrieval mode selected.
2025-05-12 20:00:47,493 | INFO | Starting the 4-step process now.
2025-05-12 20:00:49,623 | INFO | Step 1 (Download): Complete!
2025-05-12 20:00:53,485 | INFO | Step 2 (Decryption): Complete!
2025-05-12 20:01:22,771 | INFO | Initiating Bat Backup v1.0.0.
2025-05-12 20:01:22,772 | INFO | Retrieval mode selected.
2025-05-12 20:01:22,772 | INFO | Starting the 4-step process now.
2025-05-12 20:01:27,204 | INFO | Step 1 (Download): Complete!
2025-05-12 20:01:31,190 | INFO | Step 2 (Decryption): Complete!
2025-05-12 20:03:01,970 | INFO | Initiating Bat Backup v1.0.0.
2025-05-12 20:03:01,970 | INFO | Retrieval mode selected.
2025-05-12 20:03:01,971 | INFO | Starting the 4-step process now.
2025-05-12 20:03:02,263 | INFO | Step 1 (Download): Complete!
2025-05-12 20:03:06,149 | INFO | Step 2 (Decryption): Complete!
2025-05-12 20:03:52,418 | INFO | Initiating Bat Backup v1.0.0.
2025-05-12 20:03:52,418 | INFO | Retrieval mode selected.
2025-05-12 20:03:52,418 | INFO | Starting the 4-step process now.
2025-05-12 20:03:52,694 | INFO | Step 1 (Download): Complete!
2025-05-12 20:03:56,519 | INFO | Step 2 (Decryption): Complete!
2025-05-12 20:04:47,198 | INFO | Initiating Bat Backup v1.0.0.
2025-05-12 20:04:47,198 | INFO | Retrieval mode selected.
2025-05-12 20:04:47,199 | INFO | Starting the 4-step process now.
2025-05-12 20:04:47,458 | INFO | Step 1 (Download): Complete!
2025-05-12 20:04:51,298 | INFO | Step 2 (Decryption): Complete!
2025-05-12 20:06:07,894 | INFO | Initiating Bat Backup v1.0.0.
2025-05-12 20:06:07,895 | INFO | Retrieval mode selected.
2025-05-12 20:06:07,895 | INFO | Starting the 4-step process now.
2025-05-12 20:06:08,171 | INFO | Step 1 (Download): Complete!
2025-05-12 20:06:11,847 | INFO | Step 2 (Decryption): Complete!
2025-05-12 21:49:32,405 | INFO | Initiating Bat Backup v1.0.0.
2025-05-12 21:49:32,405 | INFO | Backup mode selected.
2025-05-12 21:49:32,405 | INFO | Starting the 5-step process now.
2025-05-12 21:49:33,537 | INFO | Step 1 (Compression): Complete!
2025-05-12 21:49:37,325 | INFO | Step 2 (Encryption): Complete!
2025-05-12 21:49:39,361 | INFO | Backed up '/home/bruce/Videos/Screencasts/hi.log' to Cloud. Original size: 0. Backed-up size: 4.0K.
2025-05-12 21:49:43,422 | INFO | Backed up '/home/bruce/Videos/Screencasts/Screencast from 22-10-24 12:28:17 PM IST.webm' to Cloud. Original size: 656K. Backed-up size: 828K.
2025-05-12 21:49:45,934 | INFO | Backed up '/home/bruce/Videos/Screencasts/Screencast from 22-10-24 12:52:35 PM IST.webm' to Cloud. Original size: 484K. Backed-up size: 612K.
2025-05-12 21:49:53,409 | INFO | Backed up '/home/bruce/Videos/Screencasts' to Cloud. Original size: 3.6M. Backed-up size: 4.3M.
2025-05-12 21:49:53,410 | INFO | Step 3 (Backup): Complete!
2025-05-12 21:49:53,414 | INFO | Step 4 (Archive Removal): Complete!
2025-05-12 21:49:53,416 | INFO | Step 5 (Summary Generation): Complete!
2025-05-12 21:49:53,416 | INFO | Backup successfully complete!
2025-05-12 21:50:16,981 | INFO | Initiating Bat Backup v1.0.0.
2025-05-12 21:50:16,981 | INFO | Retrieval mode selected.
2025-05-12 21:50:16,981 | INFO | Starting the 4-step process now.
2025-05-12 21:50:20,034 | INFO | Step 1 (Download): Complete!
2025-05-12 21:50:24,465 | INFO | Step 2 (Decryption): Complete!
